{"/Users/lorenzohiver/Desktop/ProjetLV/src/components/FixedButton/index.js": {"path":"/Users/lorenzohiver/Desktop/ProjetLV/src/components/FixedButton/index.js","statementMap":{"0":{"start":{"line":8,"column":20},"end":{"line":12,"column":1}},"1":{"start":{"line":9,"column":2},"end":{"line":11,"column":15}}},"fnMap":{"0":{"name":"(anonymous_0)","decl":{"start":{"line":8,"column":20},"end":{"line":8,"column":21}},"loc":{"start":{"line":9,"column":2},"end":{"line":11,"column":15}},"line":9}},"branchMap":{},"s":{"0":1,"1":1},"f":{"0":1},"b":{},"_coverageSchema":"43e27e138ebf9cfc5966b082cf9a028302ed4184","hash":"1b5c745d8ddb585152f0f125c78325c4fe8589c6"}
,"/Users/lorenzohiver/Desktop/ProjetLV/src/components/TextHeader/index.js": {"path":"/Users/lorenzohiver/Desktop/ProjetLV/src/components/TextHeader/index.js","statementMap":{"0":{"start":{"line":5,"column":14},"end":{"line":7,"column":1}},"1":{"start":{"line":6,"column":2},"end":{"line":6,"column":62}}},"fnMap":{"0":{"name":"(anonymous_0)","decl":{"start":{"line":5,"column":14},"end":{"line":5,"column":15}},"loc":{"start":{"line":6,"column":2},"end":{"line":6,"column":62}},"line":6}},"branchMap":{},"s":{"0":1,"1":1},"f":{"0":1},"b":{},"_coverageSchema":"43e27e138ebf9cfc5966b082cf9a028302ed4184","hash":"ee985a5a300656e2ba6b9d7692841254b0845f6c"}
,"/Users/lorenzohiver/Desktop/ProjetLV/src/components/commons/TextHeader.js": {"path":"/Users/lorenzohiver/Desktop/ProjetLV/src/components/commons/TextHeader.js","statementMap":{"0":{"start":{"line":5,"column":15},"end":{"line":15,"column":1}},"1":{"start":{"line":17,"column":14},"end":{"line":21,"column":1}},"2":{"start":{"line":23,"column":17},"end":{"line":27,"column":1}},"3":{"start":{"line":29,"column":19},"end":{"line":34,"column":1}},"4":{"start":{"line":30,"column":2},"end":{"line":33,"column":11}},"5":{"start":{"line":36,"column":0},"end":{"line":39,"column":2}}},"fnMap":{"0":{"name":"(anonymous_0)","decl":{"start":{"line":29,"column":19},"end":{"line":29,"column":20}},"loc":{"start":{"line":30,"column":2},"end":{"line":33,"column":11}},"line":30}},"branchMap":{},"s":{"0":2,"1":2,"2":2,"3":2,"4":1,"5":2},"f":{"0":1},"b":{},"_coverageSchema":"43e27e138ebf9cfc5966b082cf9a028302ed4184","hash":"7f68ee43658462392a2593586101284fc53aeb28"}
,"/Users/lorenzohiver/Desktop/ProjetLV/src/components/commons/cardPartner.js": {"path":"/Users/lorenzohiver/Desktop/ProjetLV/src/components/commons/cardPartner.js","statementMap":{"0":{"start":{"line":4,"column":20},"end":{"line":17,"column":1}}},"fnMap":{},"branchMap":{},"s":{"0":1},"f":{},"b":{},"_coverageSchema":"43e27e138ebf9cfc5966b082cf9a028302ed4184","hash":"be24e4948ffec55ff0d9f3b8f8b3aea5588baf78"}
,"/Users/lorenzohiver/Desktop/ProjetLV/src/components/commons/container.js": {"path":"/Users/lorenzohiver/Desktop/ProjetLV/src/components/commons/container.js","statementMap":{"0":{"start":{"line":3,"column":18},"end":{"line":13,"column":1}}},"fnMap":{},"branchMap":{},"s":{"0":1},"f":{},"b":{},"_coverageSchema":"43e27e138ebf9cfc5966b082cf9a028302ed4184","hash":"b09bada2376961524ea23e7e2508d4e57ecb1100"}
,"/Users/lorenzohiver/Desktop/ProjetLV/src/components/commons/fixedButton.js": {"path":"/Users/lorenzohiver/Desktop/ProjetLV/src/components/commons/fixedButton.js","statementMap":{"0":{"start":{"line":3,"column":19},"end":{"line":15,"column":2}}},"fnMap":{},"branchMap":{},"s":{"0":2},"f":{},"b":{},"_coverageSchema":"43e27e138ebf9cfc5966b082cf9a028302ed4184","hash":"fc7da390e6eed81783c727173a6b1489629aacd2"}
,"/Users/lorenzohiver/Desktop/ProjetLV/src/components/commons/logoTechno.js": {"path":"/Users/lorenzohiver/Desktop/ProjetLV/src/components/commons/logoTechno.js","statementMap":{"0":{"start":{"line":3,"column":12},"end":{"line":7,"column":1}}},"fnMap":{},"branchMap":{},"s":{"0":1},"f":{},"b":{},"_coverageSchema":"43e27e138ebf9cfc5966b082cf9a028302ed4184","hash":"062b9797993648dcfa6d8fe00eaaebdad09313be"}
,"/Users/lorenzohiver/Desktop/ProjetLV/src/components/commons/nav.js": {"path":"/Users/lorenzohiver/Desktop/ProjetLV/src/components/commons/nav.js","statementMap":{"0":{"start":{"line":3,"column":15},"end":{"line":11,"column":2}}},"fnMap":{},"branchMap":{},"s":{"0":1},"f":{},"b":{},"_coverageSchema":"43e27e138ebf9cfc5966b082cf9a028302ed4184","hash":"fd8e6593c88baa8d1c3046e0f52d589bf3f64084"}
,"/Users/lorenzohiver/Desktop/ProjetLV/src/components/commons/text.js": {"path":"/Users/lorenzohiver/Desktop/ProjetLV/src/components/commons/text.js","statementMap":{"0":{"start":{"line":3,"column":18},"end":{"line":6,"column":1}},"1":{"start":{"line":8,"column":17},"end":{"line":8,"column":42}},"2":{"start":{"line":10,"column":24},"end":{"line":13,"column":1}}},"fnMap":{},"branchMap":{},"s":{"0":1,"1":1,"2":1},"f":{},"b":{},"_coverageSchema":"43e27e138ebf9cfc5966b082cf9a028302ed4184","hash":"9bd2b7f5c489d73980e1f2802f895126729b024a"}
}
