TN:
SF:/Users/lorenzohiver/Desktop/ProjetLV/src/components/FixedButton/index.js
FN:8,(anonymous_0)
FNF:1
FNH:1
FNDA:1,(anonymous_0)
DA:8,1
DA:9,1
LF:2
LH:2
BRF:0
BRH:0
end_of_record
TN:
SF:/Users/lorenzohiver/Desktop/ProjetLV/src/components/TextHeader/index.js
FN:5,(anonymous_0)
FNF:1
FNH:1
FNDA:1,(anonymous_0)
DA:5,1
DA:6,1
LF:2
LH:2
BRF:0
BRH:0
end_of_record
TN:
SF:/Users/lorenzohiver/Desktop/ProjetLV/src/components/commons/TextHeader.js
FN:29,(anonymous_0)
FNF:1
FNH:1
FNDA:1,(anonymous_0)
DA:5,2
DA:17,2
DA:23,2
DA:29,2
DA:30,1
DA:36,2
LF:6
LH:6
BRF:0
BRH:0
end_of_record
TN:
SF:/Users/lorenzohiver/Desktop/ProjetLV/src/components/commons/cardPartner.js
FNF:0
FNH:0
DA:4,1
LF:1
LH:1
BRF:0
BRH:0
end_of_record
TN:
SF:/Users/lorenzohiver/Desktop/ProjetLV/src/components/commons/container.js
FNF:0
FNH:0
DA:3,1
LF:1
LH:1
BRF:0
BRH:0
end_of_record
TN:
SF:/Users/lorenzohiver/Desktop/ProjetLV/src/components/commons/fixedButton.js
FNF:0
FNH:0
DA:3,2
LF:1
LH:1
BRF:0
BRH:0
end_of_record
TN:
SF:/Users/lorenzohiver/Desktop/ProjetLV/src/components/commons/logoTechno.js
FNF:0
FNH:0
DA:3,1
LF:1
LH:1
BRF:0
BRH:0
end_of_record
TN:
SF:/Users/lorenzohiver/Desktop/ProjetLV/src/components/commons/nav.js
FNF:0
FNH:0
DA:3,1
LF:1
LH:1
BRF:0
BRH:0
end_of_record
TN:
SF:/Users/lorenzohiver/Desktop/ProjetLV/src/components/commons/text.js
FNF:0
FNH:0
DA:3,1
DA:8,1
DA:10,1
LF:3
LH:3
BRF:0
BRH:0
end_of_record
